<?xml version="1.0" encoding="UTF-8"?>
<testng-results skipped="0" failed="0" ignored="0" total="2" passed="2">
  <reporter-output>
  </reporter-output>
  <suite name="Suite" duration-ms="3804" started-at="2019-05-22T14:21:35Z" finished-at="2019-05-22T14:21:39Z">
    <groups>
    </groups>
    <test name="Test" duration-ms="3804" started-at="2019-05-22T14:21:35Z" finished-at="2019-05-22T14:21:39Z">
      <class name="testshah.headless_test">
        <test-method status="PASS" signature="headless_test()[pri:0, instance:testshah.headless_test@2d6e8792]" name="headless_test" duration-ms="3142" started-at="2019-05-22T15:21:35Z" finished-at="2019-05-22T15:21:38Z">
          <reporter-output>
          </reporter-output>
        </test-method> <!-- headless_test -->
      </class> <!-- testshah.headless_test -->
      <class name="testshah.selenium_test">
        <test-method status="PASS" signature="selenium_testing()[pri:0, instance:testshah.selenium_test@506e6d5e]" name="selenium_testing" duration-ms="647" started-at="2019-05-22T15:21:38Z" finished-at="2019-05-22T15:21:39Z">
          <reporter-output>
          </reporter-output>
        </test-method> <!-- selenium_testing -->
      </class> <!-- testshah.selenium_test -->
    </test> <!-- Test -->
  </suite> <!-- Suite -->
</testng-results>
